<?xml version="1.0" encoding="UTF-8"?>
<testsuite xmlns:xsi="http://www.w3.org/2001/XMLSchema-instance" xsi:noNamespaceSchemaLocation="https://maven.apache.org/surefire/maven-surefire-plugin/xsd/surefire-test-report-3.0.xsd" version="3.0" name="com.mycompany.app.ContactoTest" time="0.15" tests="7" errors="0" skipped="0" failures="0">
  <properties>
[...]
</properties>
  <testcase name="testCrearContactoVacio" classname="com.mycompany.app.ContactoTest" time="0.062"/>
  <testcase name="testEditarNombreContacto" classname="com.mycompany.app.ContactoTest" time="0.007"/>
  <testcase name="testContactoComoDestinatario" classname="com.mycompany.app.ContactoTest" time="0.003"/>
  <testcase name="testContactoComoRemitente" classname="com.mycompany.app.ContactoTest" time="0.001"/>
  <testcase name="testEditarEmailContacto" classname="com.mycompany.app.ContactoTest" time="0.004"/>
  <testcase name="testCrearContacto" classname="com.mycompany.app.ContactoTest" time="0.002"/>
  <testcase name="testEliminarContacto" classname="com.mycompany.app.ContactoTest" time="0.001"/>
</testsuite>